{"sessionId": "6c8ffe", "timestamp": 1774132368510, "hypothesisId": "H1", "location": "tinyfish/client.py:run_with_settings:key_ok", "message": "api key present", "data": {"key_len": 44}}
{"sessionId": "6c8ffe", "timestamp": 1774132368541, "hypothesisId": "H2-H3", "location": "tinyfish/client.py:run_automation_sse:pre_stream", "message": "starting sse stream", "data": {"endpoint": "https://agent.tinyfish.ai/v1/automation/run-sse", "automation_url": "https://www.stanford.edu/academics/programs", "goal_len": 1833, "timeout_s": 180.0}}
{"sessionId": "6c8ffe", "timestamp": 1774132370142, "hypothesisId": "H2", "location": "tinyfish/client.py:run_automation_sse:stream_open", "message": "http ok streaming", "data": {"http_status": 200}}
{"sessionId": "6c8ffe", "timestamp": 1774132897742, "hypothesisId": "H1", "location": "tinyfish/client.py:run_with_settings:key_ok", "message": "api key present", "data": {"key_len": 44}}
{"sessionId": "6c8ffe", "timestamp": 1774132897749, "hypothesisId": "H2-H3", "location": "tinyfish/client.py:run_automation_sse:pre_stream", "message": "starting sse stream", "data": {"endpoint": "https://agent.tinyfish.ai/v1/automation/run-sse", "automation_url": "https://www.stanford.edu/academics/programs", "goal_len": 1833, "timeout_s": 180.0}}
{"sessionId": "6c8ffe", "timestamp": 1774132899313, "hypothesisId": "H2", "location": "tinyfish/client.py:run_automation_sse:stream_open", "message": "http ok streaming", "data": {"http_status": 200}}
{"sessionId": "6c8ffe", "timestamp": 1774133537807, "hypothesisId": "H1", "location": "tinyfish/client.py:run_with_settings:key_ok", "message": "api key present", "data": {"key_len": 44}}
{"sessionId": "6c8ffe", "timestamp": 1774133537815, "hypothesisId": "H2-H3", "location": "tinyfish/client.py:run_automation_sse:pre_stream", "message": "starting sse stream", "data": {"endpoint": "https://agent.tinyfish.ai/v1/automation/run-sse", "automation_url": "https://www.stanford.edu/academics/programs", "goal_len": 1833, "timeout_s": 180.0}}
{"sessionId": "6c8ffe", "timestamp": 1774133539386, "hypothesisId": "H2", "location": "tinyfish/client.py:run_automation_sse:stream_open", "message": "http ok streaming", "data": {"http_status": 200}}
{"sessionId": "6c8ffe", "timestamp": 1774133585874, "hypothesisId": "H1", "location": "tinyfish/client.py:run_with_settings:key_ok", "message": "api key present", "data": {"key_len": 44}}
{"sessionId": "6c8ffe", "timestamp": 1774133585881, "hypothesisId": "H2-H3", "location": "tinyfish/client.py:run_automation_sse:pre_stream", "message": "starting sse stream", "data": {"endpoint": "https://agent.tinyfish.ai/v1/automation/run-sse", "automation_url": "https://www.stanford.edu/academics/programs", "goal_len": 1833, "timeout_s": 180.0}}
{"sessionId": "6c8ffe", "timestamp": 1774133587192, "hypothesisId": "H2", "location": "tinyfish/client.py:run_automation_sse:stream_open", "message": "http ok streaming", "data": {"http_status": 200}}
{"sessionId": "6c8ffe", "timestamp": 1774136180448, "hypothesisId": "H1-H3", "location": "job_search_service.py:run_search:pre_tinyfish", "message": "about to call TinyFish", "data": {"job_file_id": "7255787f-6ee8-4a45-87ba-04f0be6d3282", "search_url": "https://www.careerbuilder.com/", "goal_len": 531, "api_key_configured": true, "has_cv_extraction": true}}
{"sessionId": "6c8ffe", "timestamp": 1774136180456, "hypothesisId": "H1", "location": "tinyfish/client.py:run_with_settings:key_ok", "message": "api key present", "data": {"key_len": 44}}
{"sessionId": "6c8ffe", "timestamp": 1774136180460, "hypothesisId": "H2-H3", "location": "tinyfish/client.py:run_automation_sse:pre_stream", "message": "starting sse stream", "data": {"endpoint": "https://agent.tinyfish.ai/v1/automation/run-sse", "automation_url": "https://www.careerbuilder.com/", "goal_len": 531, "timeout_s": 180.0}}
{"sessionId": "6c8ffe", "timestamp": 1774136182073, "hypothesisId": "H2", "location": "tinyfish/client.py:run_automation_sse:stream_open", "message": "http ok streaming", "data": {"http_status": 200}}
{"sessionId": "6c8ffe", "timestamp": 1774139144510, "hypothesisId": "H1-H3", "location": "job_search_service.py:run_search:pre_tinyfish", "message": "about to call TinyFish", "data": {"job_file_id": "7255787f-6ee8-4a45-87ba-04f0be6d3282", "search_url": "https://www.careerbuilder.com/", "goal_len": 531, "api_key_configured": true, "has_cv_extraction": true}}
{"sessionId": "6c8ffe", "timestamp": 1774139144527, "hypothesisId": "H1", "location": "tinyfish/client.py:run_with_settings:key_ok", "message": "api key present", "data": {"key_len": 44}}
{"sessionId": "6c8ffe", "timestamp": 1774139144534, "hypothesisId": "H2-H3", "location": "tinyfish/client.py:run_automation_sse:pre_stream", "message": "starting sse stream", "data": {"endpoint": "https://agent.tinyfish.ai/v1/automation/run-sse", "automation_url": "https://www.careerbuilder.com/", "goal_len": 531, "timeout_s": 180.0}}
{"sessionId": "6c8ffe", "timestamp": 1774139147107, "hypothesisId": "H2", "location": "tinyfish/client.py:run_automation_sse:stream_open", "message": "http ok streaming", "data": {"http_status": 200}}
{"sessionId": "6c8ffe", "timestamp": 1774139148248, "hypothesisId": "H1-H3", "location": "job_search_service.py:run_search:pre_tinyfish", "message": "about to call TinyFish", "data": {"job_file_id": "7255787f-6ee8-4a45-87ba-04f0be6d3282", "search_url": "https://www.careerbuilder.com/", "goal_len": 531, "api_key_configured": true, "has_cv_extraction": true}}
{"sessionId": "6c8ffe", "timestamp": 1774139148254, "hypothesisId": "H1", "location": "tinyfish/client.py:run_with_settings:key_ok", "message": "api key present", "data": {"key_len": 44}}
{"sessionId": "6c8ffe", "timestamp": 1774139148258, "hypothesisId": "H2-H3", "location": "tinyfish/client.py:run_automation_sse:pre_stream", "message": "starting sse stream", "data": {"endpoint": "https://agent.tinyfish.ai/v1/automation/run-sse", "automation_url": "https://www.careerbuilder.com/", "goal_len": 531, "timeout_s": 180.0}}
{"sessionId": "6c8ffe", "timestamp": 1774139151158, "hypothesisId": "H2", "location": "tinyfish/client.py:run_automation_sse:stream_open", "message": "http ok streaming", "data": {"http_status": 200}}
{"sessionId": "6c8ffe", "timestamp": 1774139308707, "hypothesisId": "H1", "location": "tinyfish/client.py:run_with_settings:key_ok", "message": "api key present", "data": {"key_len": 44}}
{"sessionId": "6c8ffe", "timestamp": 1774139308725, "hypothesisId": "H2-H3", "location": "tinyfish/client.py:run_automation_sse:pre_stream", "message": "starting sse stream", "data": {"endpoint": "https://agent.tinyfish.ai/v1/automation/run-sse", "automation_url": "https://www.stanford.edu/academics/programs", "goal_len": 1660, "timeout_s": 180.0}}
{"sessionId": "6c8ffe", "timestamp": 1774139310906, "hypothesisId": "H2", "location": "tinyfish/client.py:run_automation_sse:stream_open", "message": "http ok streaming", "data": {"http_status": 200}}
{"sessionId": "6c8ffe", "timestamp": 1774140081636, "hypothesisId": "H1", "location": "tinyfish/client.py:run_with_settings:key_ok", "message": "api key present", "data": {"key_len": 44}}
{"sessionId": "6c8ffe", "timestamp": 1774140081656, "hypothesisId": "H2-H3", "location": "tinyfish/client.py:run_automation_sse:pre_stream", "message": "starting sse stream", "data": {"endpoint": "https://agent.tinyfish.ai/v1/automation/run-sse", "automation_url": "https://www.stanford.edu/academics/programs", "goal_len": 1660, "timeout_s": 180.0}}
{"sessionId": "6c8ffe", "timestamp": 1774140085683, "hypothesisId": "H2", "location": "tinyfish/client.py:run_automation_sse:stream_open", "message": "http ok streaming", "data": {"http_status": 200}}
